[    0.000000] Initializing cgroup subsys cpuset
[    0.000000] Initializing cgroup subsys cpu
[    0.000000] Initializing cgroup subsys cpuacct
[    0.000000] Linux version 4.4.0-210-generic (buildd@lgw01-amd64-009) (gcc version 5.4.0 20160609 (Ubuntu 5.4.0-6ubuntu1~16.04.12) ) #242-Ubuntu SMP Fri Apr 16 09:57:56 UTC 2021 (Ubuntu 4.4.0-210.242-generic 4.4.262)
[    0.000000] Command line: BOOT_IMAGE=/boot/vmlinuz-4.4.0-210-generic root=LABEL=cloudimg-rootfs ro console=tty1 console=ttyS0
[    0.000000] KERNEL supported cpus:
[    0.000000]   Intel GenuineIntel
[    0.000000]   AMD AuthenticAMD
[    0.000000]   Centaur CentaurHauls
[    0.000000] x86/fpu: xstate_offset[2]:  576, xstate_sizes[2]:  256
[    0.000000] x86/fpu: Supporting XSAVE feature 0x01: 'x87 floating point registers'
[    0.000000] x86/fpu: Supporting XSAVE feature 0x02: 'SSE registers'
[    0.000000] x86/fpu: Supporting XSAVE feature 0x04: 'AVX registers'
[    0.000000] x86/fpu: Enabled xstate features 0x7, context size is 832 bytes, using 'standard' format.
[    0.000000] e820: BIOS-provided physical RAM map:
[    0.000000] BIOS-e820: [mem 0x0000000000000000-0x000000000009fbff] usable
[    0.000000] BIOS-e820: [mem 0x000000000009fc00-0x000000000009ffff] reserved
[    0.000000] BIOS-e820: [mem 0x00000000000f0000-0x00000000000fffff] reserved
[    0.000000] BIOS-e820: [mem 0x0000000000100000-0x000000003ffeffff] usable
[    0.000000] BIOS-e820: [mem 0x000000003fff0000-0x000000003fffffff] ACPI data
[    0.000000] BIOS-e820: [mem 0x00000000fec00000-0x00000000fec00fff] reserved
[    0.000000] BIOS-e820: [mem 0x00000000fee00000-0x00000000fee00fff] reserved
[    0.000000] BIOS-e820: [mem 0x00000000fffc0000-0x00000000ffffffff] reserved
[    0.000000] NX (Execute Disable) protection: active
[    0.000000] SMBIOS 2.5 present.
[    0.000000] Hypervisor detected: KVM
[    0.000000] e820: last_pfn = 0x3fff0 max_arch_pfn = 0x400000000
[    0.000000] MTRR: Disabled
[    0.000000] x86/PAT: MTRRs disabled, skipping PAT initialization too.
[    0.000000] CPU MTRRs all blank - virtualized system.
[    0.000000] x86/PAT: Configuration [0-7]: WB  WT  UC- UC  WB  WT  UC- UC  
[    0.000000] found SMP MP-table at [mem 0x0009fff0-0x0009ffff] mapped at [ffff88000009fff0]
[    0.000000] Scanning 1 areas for low memory corruption
[    0.000000] RAMDISK: [mem 0x362dc000-0x37165fff]
[    0.000000] ACPI: Early table checksum verification disabled
[    0.000000] ACPI: RSDP 0x00000000000E0000 000024 (v02 VBOX  )
[    0.000000] ACPI: XSDT 0x000000003FFF0030 00003C (v01 VBOX   VBOXXSDT 00000001 ASL  00000061)
[    0.000000] ACPI: FACP 0x000000003FFF00F0 0000F4 (v04 VBOX   VBOXFACP 00000001 ASL  00000061)
[    0.000000] ACPI: DSDT 0x000000003FFF0470 002325 (v02 VBOX   VBOXBIOS 00000002 INTL 20200925)
[    0.000000] ACPI: FACS 0x000000003FFF0200 000040
[    0.000000] ACPI: FACS 0x000000003FFF0200 000040
[    0.000000] ACPI: APIC 0x000000003FFF0240 00005C (v02 VBOX   VBOXAPIC 00000001 ASL  00000061)
[    0.000000] ACPI: SSDT 0x000000003FFF02A0 0001CC (v01 VBOX   VBOXCPUT 00000002 INTL 20200925)
[    0.000000] No NUMA configuration found
[    0.000000] Faking a node at [mem 0x0000000000000000-0x000000003ffeffff]
[    0.000000] NODE_DATA(0) allocated [mem 0x3ffeb000-0x3ffeffff]
[    0.000000] kvm-clock: Using msrs 4b564d01 and 4b564d00
[    0.000000] kvm-clock: cpu 0, msr 0:3ffe3001, primary cpu clock
[    0.000000] kvm-clock: using sched offset of 3026325307 cycles
[    0.000000] clocksource: kvm-clock: mask: 0xffffffffffffffff max_cycles: 0x1cd42e4dffb, max_idle_ns: 881590591483 ns
[    0.000000] Zone ranges:
[    0.000000]   DMA      [mem 0x0000000000001000-0x0000000000ffffff]
[    0.000000]   DMA32    [mem 0x0000000001000000-0x000000003ffeffff]
[    0.000000]   Normal   empty
[    0.000000]   Device   empty
[    0.000000] Movable zone start for each node
[    0.000000] Early memory node ranges
[    0.000000]   node   0: [mem 0x0000000000001000-0x000000000009efff]
[    0.000000]   node   0: [mem 0x0000000000100000-0x000000003ffeffff]
[    0.000000] Initmem setup node 0 [mem 0x0000000000001000-0x000000003ffeffff]
[    0.000000] ACPI: PM-Timer IO Port: 0x4008
[    0.000000] IOAPIC[0]: apic_id 2, version 32, address 0xfec00000, GSI 0-23
[    0.000000] ACPI: INT_SRC_OVR (bus 0 bus_irq 0 global_irq 2 dfl dfl)
[    0.000000] ACPI: INT_SRC_OVR (bus 0 bus_irq 9 global_irq 9 low level)
[    0.000000] Using ACPI (MADT) for SMP configuration information
[    0.000000] smpboot: Allowing 2 CPUs, 0 hotplug CPUs
[    0.000000] PM: Registered nosave memory: [mem 0x00000000-0x00000fff]
[    0.000000] PM: Registered nosave memory: [mem 0x0009f000-0x0009ffff]
[    0.000000] PM: Registered nosave memory: [mem 0x000a0000-0x000effff]
[    0.000000] PM: Registered nosave memory: [mem 0x000f0000-0x000fffff]
[    0.000000] e820: [mem 0x40000000-0xfebfffff] available for PCI devices
[    0.000000] Booting paravirtualized kernel on KVM
[    0.000000] clocksource: refined-jiffies: mask: 0xffffffff max_cycles: 0xffffffff, max_idle_ns: 7645519600211568 ns
[    0.000000] setup_percpu: NR_CPUS:512 nr_cpumask_bits:512 nr_cpu_ids:2 nr_node_ids:1
[    0.000000] PERCPU: Embedded 33 pages/cpu @ffff88003fc00000 s95192 r8192 d31784 u1048576
[    0.000000] Built 1 zonelists in Node order, mobility grouping on.  Total pages: 257912
[    0.000000] Policy zone: DMA32
[    0.000000] Kernel command line: BOOT_IMAGE=/boot/vmlinuz-4.4.0-210-generic root=LABEL=cloudimg-rootfs ro console=tty1 console=ttyS0
[    0.000000] PID hash table entries: 4096 (order: 3, 32768 bytes)
[    0.000000] Memory: 997792K/1048120K available (8644K kernel code, 1332K rwdata, 4044K rodata, 1492K init, 1164K bss, 50328K reserved, 0K cma-reserved)
[    0.000000] SLUB: HWalign=64, Order=0-3, MinObjects=0, CPUs=2, Nodes=1
[    0.000000] Kernel/User page tables isolation: enabled
[    0.000000] Hierarchical RCU implementation.
[    0.000000] 	Build-time adjustment of leaf fanout to 64.
[    0.000000] 	RCU restricting CPUs from NR_CPUS=512 to nr_cpu_ids=2.
[    0.000000] RCU: Adjusting geometry for rcu_fanout_leaf=64, nr_cpu_ids=2
[    0.000000] NR_IRQS:33024 nr_irqs:440 16
[    0.000000] Console: colour VGA+ 80x25
[    0.000000] console [tty1] enabled
[    0.000000] console [ttyS0] enabled
[    0.000000] tsc: Detected 2591.996 MHz processor
[    0.085905] Calibrating delay loop (skipped) preset value.. 5183.99 BogoMIPS (lpj=10367984)
[    0.087007] pid_max: default: 32768 minimum: 301
[    0.087573] ACPI: Core revision 20150930
[    0.088657] ACPI: 2 ACPI AML tables successfully acquired and loaded
[    0.089513] Security Framework initialized
[    0.090032] Yama: becoming mindful.
[    0.090503] AppArmor: AppArmor initialized
[    0.091062] Dentry cache hash table entries: 131072 (order: 8, 1048576 bytes)
[    0.092418] Inode-cache hash table entries: 65536 (order: 7, 524288 bytes)
[    0.093277] Mount-cache hash table entries: 2048 (order: 2, 16384 bytes)
[    0.094183] Mountpoint-cache hash table entries: 2048 (order: 2, 16384 bytes)
[    0.095087] Initializing cgroup subsys io
[    0.095596] Initializing cgroup subsys memory
[    0.096160] Initializing cgroup subsys devices
[    0.096775] Initializing cgroup subsys freezer
[    0.097325] Initializing cgroup subsys net_cls
[    0.097967] Initializing cgroup subsys perf_event
[    0.098539] Initializing cgroup subsys net_prio
[    0.099096] Initializing cgroup subsys hugetlb
[    0.099646] Initializing cgroup subsys pids
[    0.107171] mce: CPU supports 0 MCE banks
[    0.107699] Last level iTLB entries: 4KB 64, 2MB 8, 4MB 8
[    0.108375] Last level dTLB entries: 4KB 64, 2MB 0, 4MB 0, 1GB 4
[    0.109063] Spectre V1 : Mitigation: usercopy/swapgs barriers and __user pointer sanitization
[    0.110185] Spectre V2 : Mitigation: Full generic retpoline
[    0.110831] Spectre V2 : Spectre v2 / SpectreRSB mitigation: Filling RSB on context switch
[    0.111837] Speculative Store Bypass: Vulnerable
[    0.112515] MDS: Mitigation: Clear CPU buffers
[    0.114905] Freeing SMP alternatives memory: 36K
[    0.119627] ftrace: allocating 32380 entries in 127 pages
[    0.160904] smpboot: APIC(0) Converting physical 0 to logical package 0
[    0.161814] smpboot: Max logical packages: 1
[    0.162540] x2apic enabled
[    0.163089] Switched APIC routing to physical x2apic.
[    0.164512] ..TIMER: vector=0x30 apic1=0 pin1=2 apic2=-1 pin2=-1
[    0.273364] smpboot: CPU0: Intel(R) Core(TM) i7-10750H CPU @ 2.60GHz (family: 0x6, model: 0xa5, stepping: 0x2)
[    0.274790] Performance Events: unsupported p6 CPU model 165 no PMU driver, software events only.
[    0.283790] KVM setup paravirtual spinlock
[    0.284934] x86: Booting SMP configuration:
[    0.285511] .... node  #0, CPUs:      #1
[    0.286104] kvm-clock: cpu 1, msr 0:3ffe3041, secondary cpu clock
[    0.293482] mce: CPU supports 0 MCE banks
[    0.295818] x86: Booted up 1 node, 2 CPUs
[    0.296520] smpboot: Total of 2 processors activated (10367.98 BogoMIPS)
[    0.297546] devtmpfs: initialized
[    0.299267] evm: security.selinux
[    0.299730] evm: security.SMACK64
[    0.300280] evm: security.SMACK64EXEC
[    0.300770] evm: security.SMACK64TRANSMUTE
[    0.301300] evm: security.SMACK64MMAP
[    0.301873] evm: security.ima
[    0.302296] evm: security.capability
[    0.302895] clocksource: jiffies: mask: 0xffffffff max_cycles: 0xffffffff, max_idle_ns: 7645041785100000 ns
[    0.304089] futex hash table entries: 512 (order: 3, 32768 bytes)
[    0.304911] pinctrl core: initialized pinctrl subsystem
[    0.305650] RTC time: 16:47:21, date: 08/13/23
[    0.306414] NET: Registered protocol family 16
[    0.317346] cpuidle: using governor ladder
[    0.329729] cpuidle: using governor menu
[    0.330253] PCCT header not found.
[    0.330801] ACPI: bus type PCI registered
[    0.331369] acpiphp: ACPI Hot Plug PCI Controller Driver version: 0.5
[    0.332267] PCI: Using configuration type 1 for base access
[    0.341725] ACPI: Added _OSI(Module Device)
[    0.342273] ACPI: Added _OSI(Processor Device)
[    0.342841] ACPI: Added _OSI(3.0 _SCP Extensions)
[    0.343430] ACPI: Added _OSI(Processor Aggregator Device)
[    0.344566] ACPI: Executed 1 blocks of module-level executable AML code
[    0.346721] ACPI: Interpreter enabled
[    0.347249] ACPI: (supports S0 S5)
[    0.347721] ACPI: Using IOAPIC for interrupt routing
[    0.348473] PCI: Using host bridge windows from ACPI; if necessary, use "pci=nocrs" and report a bug
[    0.351757] ACPI: PCI Root Bridge [PCI0] (domain 0000 [bus 00-ff])
[    0.352512] acpi PNP0A03:00: _OSC: OS supports [ASPM ClockPM Segments MSI]
[    0.354360] acpi PNP0A03:00: _OSC: not requesting OS control; OS requires [ExtendedConfig ASPM ClockPM MSI]
[    0.356422] acpi PNP0A03:00: fail to add MMCONFIG information, can't access extended PCI configuration space under this bridge.
[    0.357973] PCI host bridge to bus 0000:00
[    0.358486] pci_bus 0000:00: root bus resource [io  0x0000-0x0cf7 window]
[    0.359272] pci_bus 0000:00: root bus resource [io  0x0d00-0xffff window]
[    0.360019] pci_bus 0000:00: root bus resource [mem 0x000a0000-0x000bffff window]
[    0.361070] pci_bus 0000:00: root bus resource [mem 0x40000000-0xfdffffff window]
[    0.362000] pci_bus 0000:00: root bus resource [bus 00-ff]
[    0.363695] pci 0000:00:01.1: legacy IDE quirk: reg 0x10: [io  0x01f0-0x01f7]
[    0.364546] pci 0000:00:01.1: legacy IDE quirk: reg 0x14: [io  0x03f6]
[    0.365322] pci 0000:00:01.1: legacy IDE quirk: reg 0x18: [io  0x0170-0x0177]
[    0.366095] pci 0000:00:01.1: legacy IDE quirk: reg 0x1c: [io  0x0376]
[    0.380771] pci 0000:00:07.0: quirk: [io  0x4000-0x403f] claimed by PIIX4 ACPI
[    0.381816] pci 0000:00:07.0: quirk: [io  0x4100-0x410f] claimed by PIIX4 SMB
[    0.387226] ACPI: PCI Interrupt Link [LNKA] (IRQs 5 9 10 *11)
[    0.388328] ACPI: PCI Interrupt Link [LNKB] (IRQs 5 9 *10 11)
[    0.389316] ACPI: PCI Interrupt Link [LNKC] (IRQs 5 *9 10 11)
[    0.390295] ACPI: PCI Interrupt Link [LNKD] (IRQs 5 9 10 *11)
[    0.391311] ACPI: Enabled 2 GPEs in block 00 to 07
[    0.392126] vgaarb: setting as boot device: PCI:0000:00:02.0
[    0.392854] vgaarb: device added: PCI:0000:00:02.0,decodes=io+mem,owns=io+mem,locks=none
[    0.393867] vgaarb: loaded
[    0.394264] vgaarb: bridge control possible 0000:00:02.0
[    0.395020] SCSI subsystem initialized
[    0.395643] ACPI: bus type USB registered
[    0.396229] usbcore: registered new interface driver usbfs
[    0.396943] usbcore: registered new interface driver hub
[    0.397562] usbcore: registered new device driver usb
[    0.398797] PCI: Using ACPI for IRQ routing
[    0.399526] NetLabel: Initializing
[    0.399982] NetLabel:  domain hash size = 128
[    0.400615] NetLabel:  protocols = UNLABELED CIPSOv4
[    0.401255] NetLabel:  unlabeled traffic allowed by default
[    0.402058] amd_nb: Cannot enumerate AMD northbridges
[    0.402717] clocksource: Switched to clocksource kvm-clock
[    0.407446] AppArmor: AppArmor Filesystem Enabled
[    0.408047] pnp: PnP ACPI init
[    0.409020] pnp: PnP ACPI: found 3 devices
[    0.416919] clocksource: acpi_pm: mask: 0xffffff max_cycles: 0xffffff, max_idle_ns: 2085701024 ns
[    0.418048] NET: Registered protocol family 2
[    0.418752] TCP established hash table entries: 8192 (order: 4, 65536 bytes)
[    0.419564] TCP bind hash table entries: 8192 (order: 5, 131072 bytes)
[    0.420393] TCP: Hash tables configured (established 8192 bind 8192)
[    0.421143] UDP hash table entries: 512 (order: 2, 16384 bytes)
[    0.421846] UDP-Lite hash table entries: 512 (order: 2, 16384 bytes)
[    0.422614] NET: Registered protocol family 1
[    0.423234] pci 0000:00:00.0: Limiting direct PCI/PCI transfers
[    0.423951] pci 0000:00:01.0: Activating ISA DMA hang workarounds
[    0.424793] Unpacking initramfs...
[    0.574799] Freeing initrd memory: 14888K
[    0.575440] clocksource: tsc: mask: 0xffffffffffffffff max_cycles: 0x255cb30caa3, max_idle_ns: 440795217292 ns
[    0.576718] platform rtc_cmos: registered platform RTC device (no PNP device found)
[    0.577738] Scanning for low memory corruption every 60 seconds
[    0.578698] audit: initializing netlink subsys (disabled)
[    0.579413] audit: type=2000 audit(1691945246.000:1): initialized
[    0.580381] Initialise system trusted keyring
[    0.581108] HugeTLB registered 2 MB page size, pre-allocated 0 pages
[    0.582676] zbud: loaded
[    0.583379] VFS: Disk quotas dquot_6.6.0
[    0.583905] VFS: Dquot-cache hash table entries: 512 (order 0, 4096 bytes)
[    0.584886] squashfs: version 4.0 (2009/01/31) Phillip Lougher
[    0.585759] fuse init (API version 7.23)
[    0.586411] Key type big_key registered
[    0.586984] Allocating IMA MOK and blacklist keyrings.
[    0.588097] Key type asymmetric registered
[    0.588683] Asymmetric key parser 'x509' registered
[    0.589296] Block layer SCSI generic (bsg) driver version 0.4 loaded (major 249)
[    0.590298] io scheduler noop registered
[    0.590843] io scheduler deadline registered (default)
[    0.591481] io scheduler cfq registered
[    0.592165] pci_hotplug: PCI Hot Plug PCI Core version: 0.5
[    0.592856] pciehp: PCI Express Hot Plug Controller Driver version: 0.4
[    0.593680] ACPI: AC Adapter [AC] (off-line)
[    0.594251] input: Power Button as /devices/LNXSYSTM:00/LNXPWRBN:00/input/input0
[    0.595258] ACPI: Power Button [PWRF]
[    0.595787] input: Sleep Button as /devices/LNXSYSTM:00/LNXSLPBN:00/input/input1
[    0.596788] ACPI: Sleep Button [SLPF]
[    0.597447] GHES: HEST is not enabled!
[    0.597829] ACPI: Battery Slot [BAT0] (battery present)
[    0.598713] Serial: 8250/16550 driver, 32 ports, IRQ sharing enabled
[    0.619828] 00:02: ttyS0 at I/O 0x3f8 (irq = 4, base_baud = 115200) is a 16550A
[    0.622436] Linux agpgart interface v0.103
[    0.623980] loop: module loaded
[    0.624784] scsi host0: ata_piix
[    0.625311] scsi host1: ata_piix
[    0.625785] ata1: PATA max UDMA/33 cmd 0x1f0 ctl 0x3f6 bmdma 0xd000 irq 14
[    0.626571] ata2: PATA max UDMA/33 cmd 0x170 ctl 0x376 bmdma 0xd008 irq 15
[    0.627569] libphy: Fixed MDIO Bus: probed
[    0.628118] tun: Universal TUN/TAP device driver, 1.6
[    0.628741] tun: (C) 1999-2004 Max Krasnyansky <maxk@qualcomm.com>
[    0.629612] PPP generic driver version 2.4.2
[    0.630214] ehci_hcd: USB 2.0 'Enhanced' Host Controller (EHCI) Driver
[    0.630988] ehci-pci: EHCI PCI platform driver
[    0.631566] ehci-platform: EHCI generic platform driver
[    0.632293] ohci_hcd: USB 1.1 'Open' Host Controller (OHCI) Driver
[    0.633013] ohci-pci: OHCI PCI platform driver
[    0.633584] ohci-platform: OHCI generic platform driver
[    0.634246] uhci_hcd: USB Universal Host Controller Interface driver
[    0.635047] i8042: PNP: PS/2 Controller [PNP0303:PS2K,PNP0f03:PS2M] at 0x60,0x64 irq 1,12
[    0.636434] serio: i8042 KBD port at 0x60,0x64 irq 1
[    0.637024] serio: i8042 AUX port at 0x60,0x64 irq 12
[    0.637756] mousedev: PS/2 mouse device common for all mice
[    0.638620] input: AT Translated Set 2 keyboard as /devices/platform/i8042/serio0/input/input2
[    0.640023] rtc_cmos rtc_cmos: rtc core: registered rtc_cmos as rtc0
[    0.640874] rtc_cmos rtc_cmos: alarms up to one day, 114 bytes nvram
[    0.641617] i2c /dev entries driver
[    0.642125] device-mapper: uevent: version 1.0.3
[    0.642769] device-mapper: ioctl: 4.34.0-ioctl (2015-10-28) initialised: dm-devel@redhat.com
[    0.643804] ledtrig-cpu: registered to indicate activity on CPUs
[    0.644769] NET: Registered protocol family 10
[    0.645457] NET: Registered protocol family 17
[    0.646032] Key type dns_resolver registered
[    0.646910] registered taskstats version 1
[    0.647445] Loading compiled-in X.509 certificates
[    0.648421] Loaded X.509 cert 'Build time autogenerated kernel key: cf00e047681d67edb2720680708b7d9498083038'
[    0.649577] zswap: loaded using pool lzo/zbud
[    0.651348] Key type trusted registered
[    0.654013] Key type encrypted registered
[    0.654580] AppArmor: AppArmor sha1 policy hashing enabled
[    0.655259] ima: No TPM chip found, activating TPM-bypass!
[    0.655929] ima: Allocated hash algorithm: sha1
[    0.656595] evm: HMAC attrs: 0x1
[    0.657243]   Magic number: 3:921:792
[    0.657791] rtc_cmos rtc_cmos: setting system clock to 2023-08-13 16:47:21 UTC (1691945241)
[    0.659053] BIOS EDD facility v0.16 2004-Jun-25, 0 devices found
[    0.659748] EDD information not available.
[    0.817441] Freeing unused kernel memory: 1492K
[    0.819863] Write protecting the kernel read-only data: 14336k
[    0.822592] Freeing unused kernel memory: 1584K
[    0.823361] Freeing unused kernel memory: 52K
Loading, please wait...
starting version 229
[    0.832795] random: systemd-udevd: uninitialized urandom read (16 bytes read, 3 bits of entropy available)
[    0.834022] random: systemd-udevd: uninitialized urandom read (16 bytes read, 3 bits of entropy available)
[    0.835274] random: systemd-udevd: uninitialized urandom read (16 bytes read, 3 bits of entropy available)
[    0.836465] random: systemd-udevd: uninitialized urandom read (16 bytes read, 3 bits of entropy available)
[    0.838710] random: udevadm: uninitialized urandom read (16 bytes read, 3 bits of entropy available)
[    0.839923] random: udevadm: uninitialized urandom read (16 bytes read, 3 bits of entropy available)
[    0.844277] random: systemd-udevd: uninitialized urandom read (16 bytes read, 3 bits of entropy available)
[    0.845455] random: systemd-udevd: uninitialized urandom read (16 bytes read, 3 bits of entropy available)
[    0.846621] random: systemd-udevd: uninitialized urandom read (16 bytes read, 3 bits of entropy available)
[    0.849037] random: systemd-udevd: uninitialized urandom read (16 bytes read, 3 bits of entropy available)
[    0.880218] e1000: Intel(R) PRO/1000 Network Driver - version 7.3.21-k8-NAPI
[    0.881113] e1000: Copyright (c) 1999-2006 Intel Corporation.
[    0.881966] Fusion MPT base driver 3.04.20
[    0.882567] Copyright (c) 1999-2008 LSI Corporation
[    0.885872] Fusion MPT SPI Host driver 3.04.20
[    0.904853] AVX2 version of gcm_enc/dec engaged.
[    0.905608] AES CTR mode by8 optimization enabled
[    1.088722] input: ImExPS/2 Generic Explorer Mouse as /devices/platform/i8042/serio1/input/input4
[    1.587199] e1000 0000:00:03.0 eth0: (PCI:33MHz:32-bit) 02:be:82:6b:cc:1d
[    1.588157] e1000 0000:00:03.0 eth0: Intel(R) PRO/1000 Network Connection
[    2.596099] e1000 0000:00:08.0 eth1: (PCI:33MHz:32-bit) 08:00:27:7b:83:34
[    2.597036] e1000 0000:00:08.0 eth1: Intel(R) PRO/1000 Network Connection
[    2.598748] e1000 0000:00:03.0 enp0s3: renamed from eth0
[    2.599938] mptbase: ioc0: Initiating bringup
[    2.615214] e1000 0000:00:08.0 enp0s8: renamed from eth1
[    2.663663] ioc0: LSI53C1030 A0: Capabilities={Initiator}
[    2.833989] scsi host2: ioc0: LSI53C1030 A0, FwRev=00000000h, Ports=1, MaxQ=256, IRQ=20
[    2.952260] scsi 2:0:0:0: Direct-Access     VBOX     HARDDISK         1.0  PQ: 0 ANSI: 5
[    2.959186] scsi target2:0:0: Beginning Domain Validation
[    2.964830] scsi target2:0:0: Domain Validation skipping write tests
[    2.965628] scsi target2:0:0: Ending Domain Validation
[    2.966302] scsi target2:0:0: asynchronous
[    2.967132] scsi 2:0:1:0: Direct-Access     VBOX     HARDDISK         1.0  PQ: 0 ANSI: 5
[    2.968232] scsi target2:0:1: Beginning Domain Validation
[    2.976136] scsi target2:0:1: Domain Validation skipping write tests
[    2.977644] scsi target2:0:1: Ending Domain Validation
[    2.979071] scsi target2:0:1: asynchronous
[    2.983598] sd 2:0:0:0: Attached scsi generic sg0 type 0
[    2.984417] sd 2:0:0:0: [sda] 83886080 512-byte logical blocks: (42.9 GB/40.0 GiB)
[    2.985779] sd 2:0:1:0: Attached scsi generic sg1 type 0
[    2.986482] sd 2:0:1:0: [sdb] 20480 512-byte logical blocks: (10.5 MB/10.0 MiB)
[    2.987668] sd 2:0:0:0: [sda] Write Protect is off
[    2.988336] sd 2:0:1:0: [sdb] Write Protect is off
[    2.989018] sd 2:0:0:0: [sda] Incomplete mode parameter data
[    2.989737] sd 2:0:0:0: [sda] Assuming drive cache: write through
[    2.990490] sd 2:0:1:0: [sdb] Incomplete mode parameter data
[    2.991234] sd 2:0:1:0: [sdb] Assuming drive cache: write through
[    2.993930]  sda: sda1
[    2.995230] sd 2:0:0:0: [sda] Attached SCSI disk
[    2.995880] sd 2:0:1:0: [sdb] Attached SCSI disk
Begin: Loading essential drivers ... [    4.552524] md: linear personality registered for level -1
[    4.554513] md: multipath personality registered for level -4
[    4.556477] md: raid0 personality registered for level 0
[    4.559020] md: raid1 personality registered for level 1
[    4.636010] raid6: sse2x1   gen() 14383 MB/s
[    4.714936] raid6: sse2x1   xor() 11199 MB/s
[    4.790493] raid6: sse2x2   gen() 22196 MB/s
[    4.874449] raid6: sse2x2   xor() 16270 MB/s
[    4.946787] raid6: sse2x4   gen() 23095 MB/s
[    5.030392] raid6: sse2x4   xor() 16347 MB/s
[    5.103947] raid6: avx2x1   gen() 31109 MB/s
[    5.174135] raid6: avx2x2   gen() 38403 MB/s
[    5.242282] raid6: avx2x4   gen() 43043 MB/s
[    5.242978] raid6: using algorithm avx2x4 gen() 43043 MB/s
[    5.243644] raid6: using avx2x2 recovery algorithm
[    5.245184] xor: automatically using best checksumming function:
[    5.285255]    avx       : 50671.000 MB/sec
[    5.286527] async_tx: api initialized (async)
[    5.292678] md: raid6 personality registered for level 6
[    5.293496] md: raid5 personality registered for level 5
[    5.294161] md: raid4 personality registered for level 4
[    5.298992] md: raid10 personality registered for level 10
done.
Begin: Running /scripts/init-premount ... done.
Begin: Mounting root file system ... Begin: Running /scripts/local-top ... done.
Begin: Running /scripts/local-premount ... [    5.317664] Btrfs loaded
Scanning for Btrfs filesystems
done.
Warning: fsck not present, so skipping root file system
[    5.339538] EXT4-fs (sda1): mounted filesystem with ordered data mode. Opts: (null)
done.
Begin: Running /scripts/local-bottom ... done.
Begin: Running /scripts/init-bottom ... done.
[    5.396661] systemd[1]: systemd 229 running in system mode. (+PAM +AUDIT +SELINUX +IMA +APPARMOR +SMACK +SYSVINIT +UTMP +LIBCRYPTSETUP +GCRYPT +GNUTLS +ACL +XZ -LZ4 +SECCOMP +BLKID +ELFUTILS +KMOD -IDN)
[    5.398885] systemd[1]: Detected virtualization oracle.
[    5.399541] systemd[1]: Detected architecture x86-64.

Welcome to [1mUbuntu 16.04.7 LTS[0m!

[    5.401755] systemd[1]: Set hostname to <ubuntu>.
[    5.403686] systemd[1]: Initializing machine ID from random generator.
[    5.404526] systemd[1]: Installed transient /etc/machine-id file.
[    5.477131] systemd[1]: Started Forward Password Requests to Wall Directory Watch.
[[0;32m  OK  [0m] Started Forward Password Requests to Wall Directory Watch.
[    5.479169] systemd[1]: Listening on LVM2 metadata daemon socket.
[[0;32m  OK  [0m] Listening on LVM2 metadata daemon socket.
[    5.480676] systemd[1]: Reached target Encrypted Volumes.
[[0;32m  OK  [0m] Reached target Encrypted Volumes.
[    5.482141] systemd[1]: Listening on Journal Socket (/dev/log).
[[0;32m  OK  [0m] Listening on Journal Socket (/dev/log).
[    5.483894] systemd[1]: Created slice User and Session Slice.
[[0;32m  OK  [0m] Created slice User and Session Slice.
[    5.485417] systemd[1]: Reached target Swap.
[[0;32m  OK  [0m] Reached target Swap.
[    5.486711] systemd[1]: Listening on Journal Audit Socket.
[[0;32m  OK  [0m] Listening on Journal Audit Socket.
[    5.488184] systemd[1]: Reached target User and Group Name Lookups.
[[0;32m  OK  [0m] Reached target User and Group Name Lookups.
[    5.489858] systemd[1]: Set up automount Arbitrary Executable File Formats File System Automount Point.
[[0;32m  OK  [0m] Set up automount Arbitrary Executab...ats File System Automount Point.
[    5.492139] systemd[1]: Reached target System Time Synchronized.
[[0;32m  OK  [0m] Reached target System Time Synchronized.
[    5.493682] systemd[1]: Listening on /dev/initctl Compatibility Named Pipe.
[[0;32m  OK  [0m] Listening on /dev/initctl Compatibility Named Pipe.
[    5.495392] systemd[1]: Started Trigger resolvconf update for networkd DNS.
[[0;32m  OK  [0m] Started Trigger resolvconf update for networkd DNS.
[    5.497040] systemd[1]: Listening on udev Kernel Socket.
[[0;32m  OK  [0m] Listening on udev Kernel Socket.
[    5.498540] systemd[1]: Created slice System Slice.
[[0;32m  OK  [0m] Created slice System Slice.
[    5.499854] systemd[1]: Reached target Slices.
[[0;32m  OK  [0m] Reached target Slices.
[    5.501221] systemd[1]: Created slice system-serial\x2dgetty.slice.
[[0;32m  OK  [0m] Created slice system-serial\x2dgetty.slice.
[    5.502763] systemd[1]: Listening on Device-mapper event daemon FIFOs.
[[0;32m  OK  [0m] Listening on Device-mapper event daemon FIFOs.
[    5.504394] systemd[1]: Listening on fsck to fsckd communication Socket.
[[0;32m  OK  [0m] Listening on fsck to fsckd communication Socket.
[    5.506056] systemd[1]: Listening on Journal Socket.
[[0;32m  OK  [0m] Listening on Journal Socket.
[    5.519005] systemd[1]: Starting Load Kernel Modules...
         Starting Load Kernel Modules...
[    5.520696] systemd[1]: Mounting POSIX Message Queue File System...
         Mounting POSIX Message Queue File System...
[    5.522549] systemd[1]: Starting Uncomplicated firewall...
         Starting Uncomplicated firewall...
[    5.524833] systemd[1]: Starting Nameserver information manager...
         Starting Nameserver information manager...
[    5.526488] Loading iSCSI transport class v2.0-870.
[    5.526672] systemd[1]: Starting File System Check on Root Device...
         Starting File System Check on Root Device...
[    5.529454] systemd[1]: Mounting Huge Pages File System...
         Mounting Huge Pages File System...
[    5.531112] systemd[1]: Starting Create list of required static device nodes for the current kernel...
         Starting Create list of required st... nodes for the current kernel...
[    5.533644] systemd[1]: Starting Set console keymap...
         Startin[    5.534483] systemd[1]: Listening on LVM2 poll daemon socket.
g Set console keymap...
[[0;32m  OK  [0m] Listening on[    5.535455] systemd[1]: Listening on udev Control Socket.
 LVM2 poll daemon socket.
[[0;32m  OK  [0m] Listening on udev Control Socket.
[    5.537735] systemd[1]: Starting Monitoring of LVM2 mirrors, snapshots etc. using dmeventd or progress polling...
         Starting Monitoring of LVM2 mirrors... dmeventd or progress polling...
[    5.541368] iscsi: registered transport (tcp)
[    5.541734] systemd[1]: Mounting Debug File System...
         Mounting Debug File System...
[    5.543469] systemd[1]: Listening on Syslog Socket.
[[0;32m  OK  [0m] Listening on Syslog Socket.
[    5.545604] systemd[1]: Starting Journal Service...
         Starting Journal Service...
[    5.547897] systemd[1]: Mounted Huge Pages File System.
[[0;32m  OK  [0m] Mounted Huge Pages File System.
[    5.549290] systemd[1]: Mounted POSIX Message Queue File System.
[[0;32m  OK  [0m] Mounted POSIX Message Queue File System.
[    5.550839] systemd[1]: Mounted Debug File System.
[[0;32m  OK  [0m] Mounted Debug File System.
[    5.552577] systemd[1]: Started Uncomplicated firewall.
[[0;32m  OK  [0m] Started Uncomplicated firewall.
[    5.555696] systemd[1]: Started Create list of required static device nodes for the current kernel.
[[0;32m  OK  [0m] Started Create list of required sta...ce nodes for the current kernel.
[    5.559575] systemd[1]: Started LVM2 metadata daemon.
[[0;32m  OK  [0m] Started LVM2 metadata daemon.
[    5.561401] systemd[1]: Started File System Check Daemon to report status.
[[0;32m  OK  [0m] Started File System Check Daemon to report status.
[    5.563488] systemd[1]: Starting Create Static Device Nodes in /dev...
         Starting Create Static Device Nodes in /dev...
[    5.565382] systemd[1]: Started File System Check on Root Device.
[[0;32m  OK  [0m] Started File System Check on Root Device.
[    5.567982] systemd[1]: Started Nameserver information manager.
[[0;32m  OK  [0m] Started Nameserver information manager.
[    5.571188] systemd[1]: Starting Remount Root and Kernel File Systems...
         Starting Remount Root and Kernel File Systems...
[    5.574983] systemd[1]: Started Journal Service.
[[0;32m  OK  [0m] Started Journal Service.
[    5.577428] EXT4-fs (sda1): re-mounted. Opts: (null)
[[0;32m  OK  [0m] Started Remount Root and Kernel File Systems.
         Starting udev Coldplug all Devices...
         Starting Flush Journal to Persistent Storage...
         Starting Load/Save Random Seed...
[[0;32m  OK  [0m] Started Create Static Device Nodes in /dev.
         Starting udev Kernel Device Manager...
[[0;32m  OK  [0m] Started Load/Save Random Seed.
[    5.593071] systemd-journald[407]: Received request to flush runtime journal from PID 1
[[0;32m  OK  [0m] Started Flush Journal to Persistent Storage.
[[0;32m  OK  [0m] Started udev Kernel Device Manager.
[[0;32m  OK  [0m] Started Set console keymap.
[    5.614891] iscsi: registered transport (iser)
[[0;32m  OK  [0m] Started Load Kernel Modules.
         Mounting FUSE Control File System...
         Starting Apply Kernel Variables...
[[0;32m  OK  [0m] Started udev Coldplug all Devices.
[[0;32m  OK  [0m] Started Dispatch Password Requests to Console Directory Watch.
[[0;32m  OK  [0m] Mounted FUSE Control File System.
[[0;32m  OK  [0m] Started Apply Kernel Variables.
[[0;32m  OK  [0m] Found device /dev/ttyS0.
[[0;32m  OK  [0m] Started Monitoring of LVM2 mirrors,...ng dmeventd or progress polling.
[[0;32m  OK  [0m] Reached target Local File Systems (Pre).
[[0;32m  OK  [0m] Reached target Local File Systems.
         Starting Initial cloud-init job (pre-networking)...
         Starting Commit a transient machine-id on disk...
         Starting Tell Plymouth To Write Out Runtime Data...
         Starting LSB: AppArmor initialization...
         Starting Set console font and keymap...
         Starting Create Volatile Files and Directories...
[[0;32m  OK  [0m] Started Create Volatile Files and Directories.
         Starting Update UTMP about System Boot/Shutdown...
[[0;32m  OK  [0m] Listening on Load/Save RF Kill Switch Status /dev/rfkill Watch.
[[0;32m  OK  [0m] Started Commit a transient machine-id on disk.
[[0;32m  OK  [0m] Started Tell Plymouth To Write Out Runtime Data.
[[0;32m  OK  [0m] Started Update UTMP about System Boot/Shutdown.
[    6.376340] cloud-init[579]: Cloud-init v. 21.1-19-gbad84ad4-0ubuntu1~16.04.2 running 'init-local' at Sun, 13 Aug 2023 16:47:27 +0000. Up 6.05 seconds.
[[0;32m  OK  [0m] Started Set console font and keymap.
[[0;32m  OK  [0m] Started Initial cloud-init job (pre-networking).
[[0;32m  OK  [0m] Reached target Network (Pre).
[[0;32m  OK  [0m] Created slice system-getty.slice.
[[0;32m  OK  [0m] Started LSB: AppArmor initialization.
         Starting Raise network interfaces...
         Starting Load AppArmor profiles managed internally by snapd...
[[0;32m  OK  [0m] Started Load AppArmor profiles managed internally by snapd.
[[0;32m  OK  [0m] Started Raise network interfaces.
         Starting Initial cloud-init job (metadata service crawler)...
[[0;32m  OK  [0m] Reached target Network.
[    7.098611] cloud-init[973]: Cloud-init v. 21.1-19-gbad84ad4-0ubuntu1~16.04.2 running 'init' at Sun, 13 Aug 2023 16:47:27 +0000. Up 6.74 seconds.
[    7.099627] cloud-init[973]: ci-info: ++++++++++++++++++++++++++++++++++++++Net device info+++++++++++++++++++++++++++++++++++++++
[    7.100705] cloud-init[973]: ci-info: +--------+-------+----------------------------+---------------+--------+-------------------+
[    7.101775] cloud-init[973]: ci-info: | Device |   Up  |          Address           |      Mask     | Scope  |     Hw-Address    |
[    7.102834] cloud-init[973]: ci-info: +--------+-------+----------------------------+---------------+--------+-------------------+
[    7.103886] cloud-init[973]: ci-info: | enp0s3 |  True |         10.0.2.15          | 255.255.255.0 | global | 02:be:82:6b:cc:1d |
[    7.108114] cloud-init[973]: ci-info: | enp0s3 |  True | fe80::be:82ff:fe6b:cc1d/64 |       .       |  link  | 02:be:82:6b:cc:1d |
[    7.109188] cloud-init[973]: ci-info: | enp0s8 | False |             .              |       .       |   .    | 08:00:27:7b:83:34 |
[    7.110286] cloud-init[973]: ci-info: |   lo   |  True |         127.0.0.1          |   255.0.0.0   |  host  |         .         |
[    7.112101] cloud-init[973]: ci-info: |   lo   |  True |          ::1/128           |       .       |  host  |         .         |
[    7.116118] cloud-init[973]: ci-info: +--------+-------+----------------------------+---------------+--------+-------------------+
[    7.120208] cloud-init[973]: ci-info: +++++++++++++++++++++++++++Route IPv4 info++++++++++++++++++++++++++++
[    7.121271] cloud-init[973]: ci-info: +-------+-------------+----------+---------------+-----------+-------+
[    7.122707] cloud-init[973]: ci-info: | Route | Destination | Gateway  |    Genmask    | Interface | Flags |
[    7.124258] cloud-init[973]: ci-info: +-------+-------------+----------+---------------+-----------+-------+
[    7.128250] cloud-init[973]: ci-info: |   0   |   0.0.0.0   | 10.0.2.2 |    0.0.0.0    |   enp0s3  |   UG  |
[    7.129210] cloud-init[973]: ci-info: |   1   |   10.0.2.0  | 0.0.0.0  | 255.255.255.0 |   enp0s3  |   U   |
[    7.130219] cloud-init[973]: ci-info: +-------+-------------+----------+---------------+-----------+-------+
[    7.132136] cloud-init[973]: ci-info: +++++++++++++++++++Route IPv6 info+++++++++++++++++++
[    7.136154] cloud-init[973]: ci-info: +-------+-------------+---------+-----------+-------+
[    7.137118] cloud-init[973]: ci-info: | Route | Destination | Gateway | Interface | Flags |
[    7.138125] cloud-init[973]: ci-info: +-------+-------------+---------+-----------+-------+
[    7.140104] cloud-init[973]: ci-info: |   0   |  fe80::/64  |    ::   |   enp0s3  |   U   |
[    7.144198] cloud-init[973]: ci-info: |   3   |   ff00::/8  |    ::   |   enp0s3  |   U   |
[    7.145071] cloud-init[973]: ci-info: +-------+-------------+---------+-----------+-------+
[    7.145979] cloud-init[973]: Generating public/private rsa key pair.
[    7.146712] cloud-init[973]: Your identification has been saved in /etc/ssh/ssh_host_rsa_key.
[    7.148139] cloud-init[973]: Your public key has been saved in /etc/ssh/ssh_host_rsa_key.pub.
[    7.151594] [[0;32m  OK  [0m] Started Initial cloud-init job (metadata service crawler).
[[0;32m  OK  [0m] Reached target Cloud-config availability.
[[0;32m  OK  [0m] Reached target Network is Online.
cloud-init[973]: The key fingerprint is:
[    7.153347] cloud-init[973]: SHA256:bTVXMb5dSRlI0jkk25RvI4HietmbpS7xqCIsD5bVV6M root@ubuntu-xenial
[    7.154264] cloud-init[973]: The key's randomart image is:
[    7.154912] cloud-init[973]: +---[RSA 2048]----+
[    7.155551] cloud-init[973]: |           o=++==|
[    7.156157] cloud-init[973]: |         . .*Booo|
[    7.156750] cloud-init[973]: |        .o..o.=o.|
[    7.157341] cloud-init[973]: |    .   oo.. + ++|
[    7.157966] cloud-init[973]: |   . . ES =   o.o|
[    7.158557] cloud-init[973]: |  o   .. = . .   |
[    7.159144] cloud-init[973]: | +.     . + =    |
[    7.159736] cloud-init[973]: |...o .   o =     |
[    7.160390] cloud-init[973]: |  o.. ... o.     |
[    7.160980] cloud-init[973]: +----[SHA256]-----+
[    7.161624] cloud-init[973]: Generating public/private dsa key pair.
[    7.162316] cloud-init[973]: Your identification has been saved in /etc/ssh/ssh_host_dsa_key.
[    7.163175] cloud-init[973]: Your public key has been saved in /etc/ssh/ssh_host_dsa_key.pub.
[    7.164001]          Starting iSCSI initiator daemon (iscsid)...
[[0;32m  OK  [0m] Reached target System Initialization.
[[0;32m  OK  [0m] Started Daily Cleanup of Temporary Directories.
[[0;32m  OK  [0m] Listening on ACPID Listen Socket.
[[0;32m  OK  [0m] Started Daily apt download activities.
cloud-init[973]:          Starting LXD - unix socket.
The key fingerprint is:
[    7.166669] cloud-init[973]: SHA256:hqnnsDWrXGCIB2lZIJ6bZL/zmTvmhTcR++s7oFsN0AQ root@ubuntu-xenial
[    7.167674] [[0;32m  OK  [0m] Started ACPI Events Check.
[[0;32m  OK  [0m] Reached target Paths.
[[0;32m  OK  [0m] Started Ubuntu Advantage update messaging.
         Starting Socket activation for snappy daemon.
[[0;32m  OK  [0m] Started Daily apt upgrade and clean activities.
[[0;32m  OK  [0m] Started Message of the Day.
[[0;32m  OK  [0m] Reached target Timers.
[[0;32m  OK  [0m] Listening on UUID daemon activation socket.
[[0;32m  OK  [0m] Listening on D-Bus System Message Bus Socket.
[[0;32m  OK  [0m] Listening on LXD - unix socket.
[[0;32m  OK  [0m] Listening on Socket activation for snappy daemon.
[[0;32m  OK  [0m] Reached target Sockets.
[[0;32m  OK  [0m] Reached target Basic System.
cloud-init[973]: [[0;32m  OK  [0m] Started ACPI event daemon.
[[0;32m  OK  [0m] Started FUSE filesystem for LXC.
         Starting Accounts Service...
The key's randomart image is:
         Starting /etc/rc.local Compatibility...
[    7.175720] cloud-init[973]: [[0;32m  OK  [0m] Started D-Bus System Message Bus.
+---[DSA 1024]----+
[    7.177336] cloud-init[973]: |.... E..         |
[    7.179045] cloud-init[973]: |o.+   o          |
[    7.180175] cloud-init[973]: |oB   . o         |
[    7.181045] cloud-init[973]: |+o+.  .oo        |
[    7.182070] cloud-init[973]: |.oo.o o+S        |
[    7.184155] cloud-init[973]: | . ..o.o=        |
[    7.186201] cloud-init[973]: |   oo.*=.o       |
[    7.187091] cloud-init[973]: |   .o@*o...      |
[    7.188251] cloud-init[973]: |    *O* .+o      |
[    7.189285] cloud-init[973]: +----[SHA256]-----+
[    7.190619] cloud-init[973]: Generating public/private ecdsa key pair.
[    7.191766] cloud-init[973]: Your identification has been saved in /etc/ssh/ssh_host_ecdsa_key.
[    7.193039] cloud-init[973]: Your public key has been saved in /etc/ssh/ssh_host_ecdsa_key.pub.
[    7.194235] cloud-init[973]: The key fingerprint is:
[    7.195615] cloud-init[973]: SHA256:sDY/52GEgm4ob73Fs2mFZ1TgThiabBkMDNB7miihKMM root@ubuntu-xenial
[    7.196722] cloud-init[973]: The key's randomart image is:
[    7.197541] cloud-init[973]: +---[ECDSA 256]---+
[    7.198301] cloud-init[973]: |++.o. . ..       |
[    7.199002] cloud-init[973]: |  o..= +  .      |
[    7.199659] cloud-init[973]: |   .* o o.       |
[    7.200646] cloud-init[973]: |. .... =..       |
[    7.202290] cloud-init[973]: |+o +. =oS .      |
[    7.203076] cloud-init[973]: |BEoo o.++.       |
[    7.204044] cloud-init[973]: |+...o ++o +      |
[    7.205130] cloud-init[973]: | o.....+ = .     |
[    7.205794] cloud-init[973]: | .. .oo   .      |
[    7.206423] cloud-init[973]: +----[SHA256]-----+
[    7.207041] cloud-init[973]: Generating public/private ed25519 key pair.
[    7.207779] cloud-init[973]:          Starting System Logging Service...
Your identification has been saved in /etc/ssh/ssh_host_ed25519_key.         Starting LXD - container startup/shutdown...

[    7.209297] [[0;32m  OK  [0m] Started Regular background program processing daemon.
cloud-init[973]:          Starting Pollinate to seed the pseudo random number generator...
         Starting Virtualbox guest utils...
Your public key has been saved in /etc/ssh/ssh_host_ed25519_key.pub.         Starting LSB: Record successful boot for GRUB...

         Starting LSB: MD monitoring daemon...
         Starting Login Service...
[    7.213490] cloud-init[[0;32m  OK  [0m] Started Deferred execution scheduler.
[973]: The key fingerprint is:         Starting Snap Daemon...

[[0;32m  OK  [0m] Started /etc/rc.local Compatibility.
[[0;32m  OK  [0m] Started iSCSI initiator daemon (iscsid).
[    7.226534] cloud-init         Starting Authenticate and Authorize Users to Run Privileged Tasks...
         Starting Login to default iSCSI targets...
[973]: SHA256:dDqxTl2T25rYFmYN65cKMoE/Y4wYRrRbFrF1vopx95s root@ubuntu-xenial
[    7.235041] cloud-init[973]: The key's randomart image is:
[    7.237755] cloud-init[973]: +--[ED25519 256]--+
[    7.238684] cloud-init[973]: |    . o.. .      |
[    7.240401] cloud-init[973]: |   . . + o   .   |
[    7.243204] cloud-init[973]: |    o + o o =    |
[    7.244592] cloud-init[973]: |   . + o * o B   |
[    7.246350] cloud-init[973]: |    + o S + * o  |
[[0;32m  OK  [0m] Started Login to default iSCSI targets.
[[0;32m  OK  [0m] Started System Logging Service.
[[0;32m  OK  [0m] Started Login Service.
[    7.253144] [[0;32m  OK  [0m] Started Unattended Upgrades Shutdown.
[[0;32m  OK  [0m] Reached target Remote File Systems (Pre).
[[0;32m  OK  [0m] Reached target Remote File Systems.
         Starting Permit User Sessions...
         Starting LSB: daemon to balance interrupts for SMP systems...
         Starting LSB: automatic crash report generation...
         Starting LSB: Set the CPU Frequency Scaling governor to "ondemand"...
cloud-init[973]: |   . o X = B + . |
[[0;32m  OK  [0m] Started LSB: Record successful boot for GRUB.
[[0;32m  OK  [0m] Started Permit User Sessions.
         Starting Terminate Plymouth Boot Screen...
         Starting Hold until boot process finishes up...
[[0;32m  OK  [0m] Started LSB: Set the CPU Frequency Scaling governor to "ondemand".
[[0;32m  OK  [0m] Started Hold until boot process finishes up.
[[0;32m  OK  [0m] Started LSB: MD monitoring daemon.
[[0;32m  OK  [0m] Started Terminate Plymouth Boot Screen.
[[0;32m  OK  [0m] Started Authenticate and Authorize Users to Run Privileged Tasks.
[[0;32m  OK  [0m] Started Accounts Service.
[[0;32m  OK  [0m] Started Serial Getty on ttyS0.
[    7.273322] cloud-init[973]: [[0;32m  OK  [0m] Started Getty on tty1.
[[0;32m  OK  [0m] Reached target Login Prompts.
         Starting Set console scheme...
[[0;32m  OK  [0m] Started Set console scheme.
|    . o @ o B o  |
[[0;32m  OK  [0m] Started LSB: daemon to balance interrupts for SMP systems.
[    7.312730] cloud-init[973]: |       . = o =   |
[    7.315827] [[0;32m  OK  [0m] Started LSB: automatic crash report generation.
cloud-init[973]: |            E    |
[    7.320971] cloud-init[973]: +----[SHA256]-----+
[[0;32m  OK  [0m] Started LXD - container startup/shutdown.
[[0;32m  OK  [0m] Started Virtualbox guest utils.
[[0;32m  OK  [0m] Started Snap Daemon.
         Starting Wait until snapd is fully seeded...
[[0;32m  OK  [0m] Started Pollinate to seed the pseudo random number generator.
         Starting OpenBSD Secure Shell server...
[[0;32m  OK  [0m] Started OpenBSD Secure Shell server.
[[0;32m  OK  [0m] Started Wait until snapd is fully seeded.
         Starting Apply the settings specified in cloud-config...
[[0;32m  OK  [0m] Reached target Multi-User System.
[[0;32m  OK  [0m] Reached target Graphical Interface.
         Starting Update UTMP about System Runlevel Changes...
[[0;32m  OK  [0m] Started Update UTMP about System Runlevel Changes.
[    9.706488] cloud-init[1326]: Generating locales (this might take a while)...
[   10.167482] cloud-init[1326]:   en_US.UTF-8... done
[   10.172400] cloud-init[1326]: Generation complete.
[   10.359529] cloud-init[1326]: Cloud-init v. 21.1-19-gbad84ad4-0ubuntu1~16.04.2 running 'modules:config' at Sun, 13 Aug 2023 16:47:30 +0000. Up 9.64 seconds.
[[0;32m  OK  [0m] Started Apply the settings specified in cloud-config.
         Starting Execute cloud user/final scripts...
ci-info: no authorized SSH keys fingerprints found for user ubuntu.
<14>Aug 13 16:47:31 ec2: 
<14>Aug 13 16:47:31 ec2: #############################################################
<14>Aug 13 16:47:31 ec2: -----BEGIN SSH HOST KEY FINGERPRINTS-----
<14>Aug 13 16:47:31 ec2: 1024 SHA256:hqnnsDWrXGCIB2lZIJ6bZL/zmTvmhTcR++s7oFsN0AQ root@ubuntu-xenial (DSA)
<14>Aug 13 16:47:31 ec2: 256 SHA256:sDY/52GEgm4ob73Fs2mFZ1TgThiabBkMDNB7miihKMM root@ubuntu-xenial (ECDSA)
<14>Aug 13 16:47:31 ec2: 256 SHA256:dDqxTl2T25rYFmYN65cKMoE/Y4wYRrRbFrF1vopx95s root@ubuntu-xenial (ED25519)
<14>Aug 13 16:47:31 ec2: 2048 SHA256:bTVXMb5dSRlI0jkk25RvI4HietmbpS7xqCIsD5bVV6M root@ubuntu-xenial (RSA)
<14>Aug 13 16:47:31 ec2: -----END SSH HOST KEY FINGERPRINTS-----
<14>Aug 13 16:47:31 ec2: #############################################################
-----BEGIN SSH HOST KEY KEYS-----
ecdsa-sha2-nistp256 AAAAE2VjZHNhLXNoYTItbmlzdHAyNTYAAAAIbmlzdHAyNTYAAABBBHyTcdRSWSmljWHjWKvUYi7itNGOq7yVYoIcJGrpDINpcdBlbyoEWCG5nQeSmQlnO8I1IJde9Nan629Zaj/tI70= root@ubuntu-xenial
ssh-ed25519 AAAAC3NzaC1lZDI1NTE5AAAAIMxcZpByHDXEe6scs7hDM6JtEa1wWbYHIesaxVlJEHae root@ubuntu-xenial
ssh-rsa AAAAB3NzaC1yc2EAAAADAQABAAABAQDAMClcVfSLErP+OQksVA638RuI8eKuSqmR+9wnDsq5xfty0SA0gj3eCGdXNrfwJgpV4BODOQtS9yny+J/NrD4bw157CndiyGi6KnZtwGOUIQdDMUfiEAE88GAQ5+RxH0QNh93naqossv56Jysybm0hxgjQreGKgw0optkC/2xAYFUm+/oKJObH8K+XhbjHP8lwpdJdlkRbNbLejpHR9LNxcPRnl18sl66Y5bqJ0SI9xT/913rTExoCZskIvuVZOqglFoIHFInpqPsLGxVKeEdhxMW0kYOMETxj5Ax+IcKlL1YRu86uX/pQUpnazUsGhb9fE+2YBq/OOgQPPlgZHTWp root@ubuntu-xenial
-----END SSH HOST KEY KEYS-----
[   10.661009] cloud-init[1369]: Cloud-init v. 21.1-19-gbad84ad4-0ubuntu1~16.04.2 running 'modules:final' at Sun, 13 Aug 2023 16:47:31 +0000. Up 10.56 seconds.
[   10.662558] cloud-init[1369]: ci-info: no authorized SSH keys fingerprints found for user ubuntu.
[   10.663529] cloud-init[1369]: Cloud-init v. 21.1-19-gbad84ad4-0ubuntu1~16.04.2 finished at Sun, 13 Aug 2023 16:47:31 +0000. Datasource DataSourceNoCloud [seed=/dev/sdb][dsmode=net].  Up 10.65 seconds
[[0;32m  OK  [0m] Started Execute cloud user/final scripts.
[[0;32m  OK  [0m] Reached target Cloud-init target.

Ubuntu 16.04.7 LTS ubuntu-xenial ttyS0

ubuntu-xenial login:          Stopping Authenticate and Authorize Users to Run Privileged Tasks...
         Stopping Session 3 of user vagrant.
[[0;32m  OK  [0m] Stopped target Cloud-init target.
[[0;32m  OK  [0m] Stopped Execute cloud user/final scripts.
[[0;32m  OK  [0m] Stopped Apply the settings specified in cloud-config.
[[0;32m  OK  [0m] Closed Load/Save RF Kill Switch Status /dev/rfkill Watch.
         Stopping User Manager for UID 1000...
         Stopping ACPI event daemon...
[[0;32m  OK  [0m] Stopped target Timers.
[[0;32m  OK  [0m] Stopped Ubuntu Advantage update messaging.
[[0;32m  OK  [0m] Stopped Message of the Day.
[[0;32m  OK  [0m] Stopped Daily apt upgrade and clean activities.
[[0;32m  OK  [0m] Stopped Daily apt download activities.
[[0;32m  OK  [0m] Stopped target System Time Synchronized.
[[0;32m  OK  [0m] Stopped Daily Cleanup of Temporary Directories.
[[0;32m  OK  [0m] Stopped target Cloud-config availability.
[[0;32m  OK  [0m] Stopped target Graphical Interface.
         Stopping Accounts Service...
[[0;32m  OK  [0m] Stopped target Multi-User System.
         Stopping LSB: MD monitoring daemon...
         Stopping A high performance web server and a reverse proxy server...
         Stopping LSB: daemon to balance interrupts for SMP systems...
         Stopping Regular background program processing daemon...
         Stopping D-Bus System Message Bus...
         Stopping Virtualbox guest utils...
         Stopping OpenBSD Secure Shell server...
[[0;32m  OK  [0m] Stopped target Login Prompts.
         Stopping Getty on tty1...
         Stopping Serial Getty on ttyS0...
         Stopping System Logging Service...
         Stopping LSB: automatic crash report generation...
         Stopping FUSE filesystem for LXC...
         Stopping LSB: Record successful boot for GRUB...
[[0;32m  OK  [0m] Stopped Wait until snapd is fully seeded.
         Stopping LSB: Set the CPU Frequency Scaling governor to "ondemand"...
         Stopping LXD - container startup/shutdown...
         Stopping Deferred execution scheduler...
[[0;32m  OK  [0m] Unmounted /var/lib/lxcfs.
[[0;32m  OK  [0m] Stopped Accounts Service.
[[0;32m  OK  [0m] Stopped System Logging Service.
[[0;32m  OK  [0m] Stopped Regular background program processing daemon.
[[0;32m  OK  [0m] Stopped Deferred execution scheduler.
[[0;32m  OK  [0m] Stopped Authenticate and Authorize Users to Run Privileged Tasks.
[[0;32m  OK  [0m] Stopped Serial Getty on ttyS0.
[[0;32m  OK  [0m] Stopped Getty on tty1.
[[0;32m  OK  [0m] Stopped OpenBSD Secure Shell server.
[[0;32m  OK  [0m] Stopped User Manager for UID 1000.
[[0;32m  OK  [0m] Stopped Session 3 of user vagrant.
[[0;32m  OK  [0m] Stopped D-Bus System Message Bus.
[[0;32m  OK  [0m] Stopped FUSE filesystem for LXC.
[[0;32m  OK  [0m] Stopped ACPI event daemon.
[[0;32m  OK  [0m] Stopped LSB: daemon to balance interrupts for SMP systems.
[[0;32m  OK  [0m] Stopped A high performance web server and a reverse proxy server.
[[0;32m  OK  [0m] Stopped LSB: MD monitoring daemon.
[[0;32m  OK  [0m] Stopped LSB: automatic crash report generation.
[[0;32m  OK  [0m] Stopped LSB: Record successful boot for GRUB.
[[0;32m  OK  [0m] Stopped Virtualbox guest utils.
[[0;32m  OK  [0m] Stopped LSB: Set the CPU Frequency Scaling governor to "ondemand".
[[0;32m  OK  [0m] Stopped LXD - container startup/shutdown.
[[0;32m  OK  [0m] Removed slice User Slice of vagrant.
         Stopping Login Service...
[[0;32m  OK  [0m] Removed slice system-getty.slice.
[[0;32m  OK  [0m] Removed slice system-serial\x2dgetty.slice.
[[0;32m  OK  [0m] Stopped /etc/rc.local Compatibility.
         Stopping Permit User Sessions...
[[0;32m  OK  [0m] Stopped Permit User Sessions.
[[0;32m  OK  [0m] Stopped target Remote File Systems.
         Unmounting /vagrant...
[[0;32m  OK  [0m] Unmounted /vagrant.
[[0;32m  OK  [0m] Stopped target Remote File Systems (Pre).
         Stopping Login to default iSCSI targets...
[[0;32m  OK  [0m] Stopped Login to default iSCSI targets.
         Stopping iSCSI initiator daemon (iscsid)...
[[0;32m  OK  [0m] Stopped Login Service.
[[0;32m  OK  [0m] Stopped iSCSI initiator daemon (iscsid).
[[0;32m  OK  [0m] Stopped target Network is Online.
[[0;32m  OK  [0m] Stopped target Network.
[[0;32m  OK  [0m] Stopped target Basic System.
[[0;32m  OK  [0m] Stopped target Sockets.
[[0;32m  OK  [0m] Closed UUID daemon activation socket.
[[0;32m  OK  [0m] Closed ACPID Listen Socket.
[[0;32m  OK  [0m] Closed Syslog Socket.
[[0;32m  OK  [0m] Closed Socket activation for snappy daemon.
[[0;32m  OK  [0m] Closed LXD - unix socket.
[[0;32m  OK  [0m] Stopped target Slices.
[[0;32m  OK  [0m] Removed slice User and Session Slice.
[[0;32m  OK  [0m] Stopped target Paths.
[[0;32m  OK  [0m] Stopped Forward Password Requests to Wall Directory Watch.
[[0;32m  OK  [0m] Stopped ACPI Events Check.
[[0;32m  OK  [0m] Stopped Dispatch Password Requests to Console Directory Watch.
[[0;32m  OK  [0m] Stopped target User and Group Name Lookups.
[[0;32m  OK  [0m] Closed D-Bus System Message Bus Socket.
[[0;32m  OK  [0m] Stopped target System Initialization.
[[0;32m  OK  [0m] Stopped Commit a transient machine-id on disk.
[[0;32m  OK  [0m] Stopped target Encrypted Volumes.
[[0;32m  OK  [0m] Stopped Create Volatile Files and Directories.
[[0;32m  OK  [0m] Stopped target Swap.
[[0;32m  OK  [0m] Stopped Initial cloud-init job (metadata service crawler).
         Stopping Raise network interfaces...
         Stopping Load/Save Random Seed...
[[0;32m  OK  [0m] Stopped Load/Save Random Seed.
[[0;32m  OK  [0m] Stopped Raise network interfaces.
[[0;32m  OK  [0m] Stopped target Network (Pre).
[[0;32m  OK  [0m] Stopped Initial cloud-init job (pre-networking).
[[0;32m  OK  [0m] Stopped target Local File Systems.
         Unmounting /run/user/1000...
[[0;32m  OK  [0m] Stopped Apply Kernel Variables.
[[0;32m  OK  [0m] Stopped Load Kernel Modules.
[[0;32m  OK  [0m] Unmounted /run/user/1000.
[[0;32m  OK  [0m] Reached target Unmount All Filesystems.
[[0;32m  OK  [0m] Stopped target Local File Systems (Pre).
[[0;32m  OK  [0m] Stopped Create Static Device Nodes in /dev.
[[0;32m  OK  [0m] Stopped Remount Root and Kernel File Systems.
[[0;32m  OK  [0m] Reached target Shutdown.
[  134.348001] reboot: Power down
